<?xml version="1.0" encoding="UTF-8"?>
<!-- Generated by org.testng.reporters.JUnitReportReporter -->
<testsuite hostname="LAPTOP-LI66922C" failures="0" tests="3" name="TestNg.Basic" time="0.018" errors="0" timestamp="2023-05-10T11:31:16 IST" skipped="1">
  <testcase classname="TestNg.Basic" name="dosa" time="0.012"/>
  <system-out/>
  <testcase classname="TestNg.Basic" name="chapathi" time="0.006"/>
  <system-out/>
  <testcase classname="TestNg.Basic" name="rice">
    <skipped/>
  </testcase> <!-- rice -->
  <system-out/>
</testsuite> <!-- TestNg.Basic -->
