<?xml version="1.0" encoding="UTF-8"?>
<!-- Generated by org.testng.reporters.JUnitReportReporter -->
<testsuite hostname="LAPTOP-LI66922C" failures="0" tests="1" name="Alerts.Browserok" time="6.146" errors="0" timestamp="2023-05-12T11:26:50 IST" skipped="0">
  <testcase classname="Alerts.Browserok" name="alert" time="6.146"/>
  <system-out/>
</testsuite> <!-- Alerts.Browserok -->
