<?xml version="1.0" encoding="UTF-8"?>
<!-- Generated by org.testng.reporters.JUnitReportReporter -->
<testsuite hostname="LAPTOP-LI66922C" failures="0" tests="4" name="Testng.Concepts" time="0.002" errors="0" timestamp="2023-04-07T09:03:06 IST" skipped="2">
  <testcase classname="Testng.Concepts" name="balakrishna" time="0.000"/>
  <system-out/>
  <testcase classname="Testng.Concepts" name="chiranjeevi" time="0.002"/>
  <system-out/>
  <testcase classname="Testng.Concepts" name="venkatesh">
    <skipped/>
  </testcase> <!-- venkatesh -->
  <system-out/>
  <testcase classname="Testng.Concepts" name="nagarjuna">
    <skipped/>
  </testcase> <!-- nagarjuna -->
  <system-out/>
</testsuite> <!-- Testng.Concepts -->
