<?xml version="1.0" encoding="UTF-8"?>
<!-- Generated by org.testng.reporters.JUnitReportReporter -->
<testsuite hostname="LAPTOP-LI66922C" failures="0" tests="3" name="Testng.Hiearchary" time="0.023" errors="0" timestamp="2023-04-08T09:53:47 IST" skipped="0">
  <testcase classname="Testng.Hiearchary" name="testing" time="0.016"/>
  <system-out/>
  <testcase classname="Testng.Hiearchary" name="breakfast" time="0.003"/>
  <system-out/>
  <testcase classname="Testng.Hiearchary" name="ipl" time="0.004"/>
  <system-out/>
</testsuite> <!-- Testng.Hiearchary -->
