<?xml version="1.0" encoding="UTF-8"?>
<!-- Generated by org.testng.reporters.JUnitReportReporter -->
<testsuite hostname="LAPTOP-LI66922C" failures="0" tests="1" name="BrowserAlerts.Browerdismiss" time="2.138" errors="0" timestamp="2023-04-28T08:24:56 IST" skipped="0">
  <testcase classname="BrowserAlerts.Browerdismiss" name="alert" time="2.138"/>
  <system-out/>
</testsuite> <!-- BrowserAlerts.Browerdismiss -->
