<?xml version="1.0" encoding="UTF-8"?>
<!-- Generated by org.testng.reporters.JUnitReportReporter -->
<testsuite hostname="LAPTOP-LI66922C" failures="0" tests="1" name="Webtables.Getdatafromparticularrowandcolumn" time="0.092" errors="0" timestamp="2023-04-25T08:48:57 IST" skipped="0">
  <testcase classname="Webtables.Getdatafromparticularrowandcolumn" name="counttables" time="0.092"/>
  <system-out/>
</testsuite> <!-- Webtables.Getdatafromparticularrowandcolumn -->
