<?xml version="1.0" encoding="UTF-8"?>
<!-- Generated by org.testng.reporters.JUnitReportReporter -->
<testsuite hostname="LAPTOP-LI66922C" failures="0" tests="3" name="Testng.Testngsequence" time="0.011" errors="0" timestamp="2023-04-07T09:03:06 IST" skipped="0">
  <testcase classname="Testng.Testngsequence" name="testing" time="0.007"/>
  <system-out/>
  <testcase classname="Testng.Testngsequence" name="breakfast" time="0.003"/>
  <system-out/>
  <testcase classname="Testng.Testngsequence" name="ipl" time="0.001"/>
  <system-out/>
</testsuite> <!-- Testng.Testngsequence -->
