<?xml version="1.0" encoding="UTF-8"?>
<!-- Generated by org.testng.reporters.JUnitReportReporter -->
<testsuite hostname="LAPTOP-LI66922C" failures="0" tests="1" name="POM.Steps" time="10.703" errors="0" timestamp="2023-05-08T09:00:34 IST" skipped="0">
  <testcase classname="POM.Steps" name="operation" time="10.703"/>
  <system-out/>
</testsuite> <!-- POM.Steps -->
