<?xml version="1.0" encoding="UTF-8"?>
<!-- Generated by org.testng.reporters.JUnitReportReporter -->
<testsuite hostname="LAPTOP-LI66922C" failures="0" tests="2" name="Testng.Parallel" time="13.882" errors="0" timestamp="2023-04-08T10:09:37 IST" skipped="0">
  <testcase classname="Testng.Parallel" name="chiranjeevi" time="6.943"/>
  <system-out/>
  <testcase classname="Testng.Parallel" name="chiranjeevi" time="6.939"/>
  <system-out/>
</testsuite> <!-- Testng.Parallel -->
