<?xml version="1.0" encoding="UTF-8"?>
<!-- Generated by org.testng.reporters.JUnitReportReporter -->
<testsuite hostname="LAPTOP-LI66922C" failures="0" tests="1" name="Webtables.Getdatafromallrows" time="0.938" errors="0" timestamp="2023-04-25T09:00:46 IST" skipped="0">
  <testcase classname="Webtables.Getdatafromallrows" name="counttables" time="0.938"/>
  <system-out/>
</testsuite> <!-- Webtables.Getdatafromallrows -->
