<?xml version="1.0" encoding="UTF-8"?>
<!-- Generated by org.testng.reporters.JUnitReportReporter -->
<testsuite hostname="LAPTOP-LI66922C" failures="0" tests="1" name="Webtables.Countofrowsandcolumns" time="0.076" errors="0" timestamp="2023-04-25T08:38:39 IST" skipped="0">
  <testcase classname="Webtables.Countofrowsandcolumns" name="counttables" time="0.076"/>
  <system-out/>
</testsuite> <!-- Webtables.Countofrowsandcolumns -->
