<?xml version="1.0" encoding="UTF-8"?>
<!-- Generated by org.testng.reporters.JUnitReportReporter -->
<testsuite hostname="LAPTOP-LI66922C" failures="0" tests="1" name="Scrolldown.Scrolluptoelement" time="6.044" errors="0" timestamp="2023-04-12T08:49:57 IST" skipped="0">
  <testcase classname="Scrolldown.Scrolluptoelement" name="alert" time="6.044"/>
  <system-out/>
</testsuite> <!-- Scrolldown.Scrolluptoelement -->
