<?xml version="1.0" encoding="UTF-8"?>
<!-- Generated by org.testng.reporters.JUnitReportReporter -->
<testsuite hostname="LAPTOP-LI66922C" failures="0" tests="1" name="Mouseactions.Movetoelement" time="2.191" errors="0" timestamp="2023-04-15T09:40:03 IST" skipped="0">
  <testcase classname="Mouseactions.Movetoelement" name="alert" time="2.191"/>
  <system-out/>
</testsuite> <!-- Mouseactions.Movetoelement -->
