<?xml version="1.0" encoding="UTF-8"?>
<!-- Generated by org.testng.reporters.JUnitReportReporter -->
<testsuite hostname="LAPTOP-LI66922C" failures="0" tests="1" name="Datadriven.Readexcel" time="14.776" errors="0" timestamp="2023-05-02T15:47:46 IST" skipped="0">
  <testcase classname="Datadriven.Readexcel" name="operations" time="14.776"/>
  <system-out/>
</testsuite> <!-- Datadriven.Readexcel -->
