<?xml version="1.0" encoding="UTF-8"?>
<!-- Generated by org.testng.reporters.JUnitReportReporter -->
<testsuite hostname="LAPTOP-LI66922C" failures="0" tests="1" name="Mouseactions.Draganddrop" time="2.388" errors="0" timestamp="2023-04-15T09:59:25 IST" skipped="0">
  <testcase classname="Mouseactions.Draganddrop" name="alert" time="2.388"/>
  <system-out/>
</testsuite> <!-- Mouseactions.Draganddrop -->
