<?xml version="1.0" encoding="UTF-8"?>
<!-- Generated by org.testng.reporters.JUnitReportReporter -->
<testsuite hostname="LAPTOP-LI66922C" failures="0" tests="1" name="Keydrivenframework.Keyworddriverscript" time="25.838" errors="0" timestamp="2023-05-08T07:50:37 IST" skipped="0">
  <testcase classname="Keydrivenframework.Keyworddriverscript" name="data" time="25.838"/>
  <system-out/>
</testsuite> <!-- Keydrivenframework.Keyworddriverscript -->
