<?xml version="1.0" encoding="UTF-8"?>
<!-- Generated by org.testng.reporters.JUnitReportReporter -->
<testsuite hostname="LAPTOP-LI66922C" failures="0" tests="1" name="Webtables.Getdatafromallcolumns" time="0.323" errors="0" timestamp="2023-04-25T09:09:00 IST" skipped="0">
  <testcase classname="Webtables.Getdatafromallcolumns" name="counttables" time="0.323"/>
  <system-out/>
</testsuite> <!-- Webtables.Getdatafromallcolumns -->
