<?xml version="1.0" encoding="UTF-8"?>
<!-- Generated by org.testng.reporters.JUnitReportReporter -->
<testsuite hostname="LAPTOP-LI66922C" failures="0" tests="1" name="Mouseactions.Rightclick" time="3.051" errors="0" timestamp="2023-04-15T09:26:35 IST" skipped="0">
  <testcase classname="Mouseactions.Rightclick" name="alert" time="3.051"/>
  <system-out/>
</testsuite> <!-- Mouseactions.Rightclick -->
