<?xml version="1.0" encoding="UTF-8"?>
<!-- Generated by org.testng.reporters.JUnitReportReporter -->
<testsuite hostname="LAPTOP-LI66922C" failures="0" tests="1" name="Scrolldown.Webpagescroll" time="11.071" errors="0" timestamp="2023-04-13T08:16:59 IST" skipped="0">
  <testcase classname="Scrolldown.Webpagescroll" name="alert" time="11.071"/>
  <system-out/>
</testsuite> <!-- Scrolldown.Webpagescroll -->
