<?xml version="1.0" encoding="UTF-8"?>
<!-- Generated by org.testng.reporters.JUnitReportReporter -->
<testsuite hostname="LAPTOP-LI66922C" failures="0" tests="1" name="Datepicker.Calender" time="1.048" errors="0" timestamp="2023-04-28T08:16:43 IST" skipped="0">
  <testcase classname="Datepicker.Calender" name="counttables" time="1.048"/>
  <system-out/>
</testsuite> <!-- Datepicker.Calender -->
