<?xml version="1.0" encoding="UTF-8"?>
<!-- Generated by org.testng.reporters.JUnitReportReporter -->
<testsuite hostname="LAPTOP-LI66922C" failures="0" tests="1" name="Mouseactions.Doubleclick" time="2.882" errors="0" timestamp="2023-04-15T10:26:02 IST" skipped="0">
  <testcase classname="Mouseactions.Doubleclick" name="alert" time="2.882"/>
  <system-out/>
</testsuite> <!-- Mouseactions.Doubleclick -->
